kotlin version: 2.2.0
error message: java.lang.RuntimeException: Exception while generating code for:
FUN LOCAL_FUNCTION_FOR_LAMBDA name:VideoPlayer$lambda$6$lambda$5 visibility:private modality:FINAL returnType:androidx.media3.ui.PlayerView
  VALUE_PARAMETER BOUND_VALUE_PARAMETER kind:Regular name:$context index:0 type:android.content.Context
  VALUE_PARAMETER BOUND_VALUE_PARAMETER kind:Regular name:$exoPlayer index:1 type:androidx.media3.exoplayer.ExoPlayer
  VALUE_PARAMETER BOUND_VALUE_PARAMETER kind:Regular name:$showControls index:2 type:kotlin.Boolean
  VALUE_PARAMETER kind:Regular name:it index:3 type:android.content.Context
  BLOCK_BODY
    RETURN type=kotlin.Nothing from='private final fun VideoPlayer$lambda$6$lambda$5 ($context: android.content.Context, $exoPlayer: androidx.media3.exoplayer.ExoPlayer, $showControls: kotlin.Boolean, it: android.content.Context): androidx.media3.ui.PlayerView declared in com.fpstudio.stretchreminder.ui.component.VideoPlayerKt'
      CALL 'public final fun apply <T> (<this>: T of kotlin.StandardKt.apply, block: @[ExtensionFunctionType] kotlin.Function1<T of kotlin.StandardKt.apply, kotlin.Unit>): T of kotlin.StandardKt.apply [inline] declared in kotlin.StandardKt' type=androidx.media3.ui.PlayerView origin=null
        TYPE_ARG T: androidx.media3.ui.PlayerView
        ARG <this>: CONSTRUCTOR_CALL 'public constructor <init> (p0: @[EnhancedNullability] android.content.Context) declared in androidx.media3.ui.PlayerView' type=androidx.media3.ui.PlayerView origin=null
          ARG p0: GET_VAR '$context: android.content.Context declared in com.fpstudio.stretchreminder.ui.component.VideoPlayerKt.VideoPlayer$lambda$6$lambda$5' type=android.content.Context origin=null
        ARG block: BLOCK type=@[ExtensionFunctionType] kotlin.Function1<androidx.media3.ui.PlayerView, kotlin.Unit> origin=LAMBDA
          COMPOSITE type=kotlin.Unit origin=null
          FUNCTION_REFERENCE 'private final fun VideoPlayer$lambda$6$lambda$5$lambda$4 ($this$apply: androidx.media3.ui.PlayerView, $exoPlayer: androidx.media3.exoplayer.ExoPlayer, $showControls: kotlin.Boolean): kotlin.Unit declared in com.fpstudio.stretchreminder.ui.component.VideoPlayerKt' type=@[ExtensionFunctionType] kotlin.Function1<androidx.media3.ui.PlayerView, kotlin.Unit> origin=INLINE_LAMBDA reflectionTarget=null
            ARG $exoPlayer: GET_VAR '$exoPlayer: androidx.media3.exoplayer.ExoPlayer declared in com.fpstudio.stretchreminder.ui.component.VideoPlayerKt.VideoPlayer$lambda$6$lambda$5' type=androidx.media3.exoplayer.ExoPlayer origin=null
            ARG $showControls: GET_VAR '$showControls: kotlin.Boolean declared in com.fpstudio.stretchreminder.ui.component.VideoPlayerKt.VideoPlayer$lambda$6$lambda$5' type=kotlin.Boolean origin=null

	at org.jetbrains.kotlin.backend.jvm.codegen.FunctionCodegen.generate(FunctionCodegen.kt:50)
	at org.jetbrains.kotlin.backend.jvm.codegen.FunctionCodegen.generate$default(FunctionCodegen.kt:43)
	at org.jetbrains.kotlin.backend.jvm.codegen.ClassCodegen.generateMethodNode(ClassCodegen.kt:422)
	at org.jetbrains.kotlin.backend.jvm.codegen.ClassCodegen.generateMethod(ClassCodegen.kt:439)
	at org.jetbrains.kotlin.backend.jvm.codegen.ClassCodegen.generate(ClassCodegen.kt:164)
	at org.jetbrains.kotlin.backend.jvm.JvmIrCodegenFactory.generateFile(JvmIrCodegenFactory.kt:419)
	at org.jetbrains.kotlin.backend.jvm.JvmIrCodegenFactory.invokeCodegen(JvmIrCodegenFactory.kt:388)
	at org.jetbrains.kotlin.cli.jvm.compiler.KotlinToJVMBytecodeCompiler.runCodegen$cli(KotlinToJVMBytecodeCompiler.kt:432)
	at org.jetbrains.kotlin.cli.pipeline.jvm.JvmBackendPipelinePhase.executePhase(JvmBackendPipelinePhase.kt:95)
	at org.jetbrains.kotlin.cli.pipeline.jvm.JvmBackendPipelinePhase.executePhase(JvmBackendPipelinePhase.kt:36)
	at org.jetbrains.kotlin.cli.pipeline.jvm.JvmBackendPipelinePhase.executePhase(JvmBackendPipelinePhase.kt:29)
	at org.jetbrains.kotlin.cli.pipeline.PipelinePhase.phaseBody(PipelinePhase.kt:68)
	at org.jetbrains.kotlin.cli.pipeline.PipelinePhase.phaseBody(PipelinePhase.kt:58)
	at org.jetbrains.kotlin.config.phaser.NamedCompilerPhase.invoke(CompilerPhase.kt:102)
	at org.jetbrains.kotlin.backend.common.phaser.CompositePhase.invoke(PhaseBuilders.kt:22)
	at org.jetbrains.kotlin.config.phaser.CompilerPhaseKt.invokeToplevel(CompilerPhase.kt:53)
	at org.jetbrains.kotlin.cli.pipeline.AbstractCliPipeline.runPhasedPipeline(AbstractCliPipeline.kt:109)
	at org.jetbrains.kotlin.cli.pipeline.AbstractCliPipeline.execute(AbstractCliPipeline.kt:68)
	at org.jetbrains.kotlin.cli.jvm.K2JVMCompiler.doExecutePhased(K2JVMCompiler.kt:78)
	at org.jetbrains.kotlin.cli.jvm.K2JVMCompiler.doExecutePhased(K2JVMCompiler.kt:44)
	at org.jetbrains.kotlin.cli.common.CLICompiler.execImpl(CLICompiler.kt:90)
	at org.jetbrains.kotlin.cli.common.CLICompiler.exec(CLICompiler.kt:352)
	at org.jetbrains.kotlin.incremental.IncrementalJvmCompilerRunnerBase.runCompiler(IncrementalJvmCompilerRunnerBase.kt:175)
	at org.jetbrains.kotlin.incremental.IncrementalJvmCompilerRunnerBase.runCompiler(IncrementalJvmCompilerRunnerBase.kt:38)
	at org.jetbrains.kotlin.incremental.IncrementalCompilerRunner.doCompile(IncrementalCompilerRunner.kt:504)
	at org.jetbrains.kotlin.incremental.IncrementalCompilerRunner.compileImpl(IncrementalCompilerRunner.kt:421)
	at org.jetbrains.kotlin.incremental.IncrementalCompilerRunner.tryCompileIncrementally$lambda$10$compile(IncrementalCompilerRunner.kt:254)
	at org.jetbrains.kotlin.incremental.IncrementalCompilerRunner.tryCompileIncrementally(IncrementalCompilerRunner.kt:272)
	at org.jetbrains.kotlin.incremental.IncrementalCompilerRunner.compile(IncrementalCompilerRunner.kt:124)
	at org.jetbrains.kotlin.daemon.CompileServiceImplBase.execIncrementalCompiler(CompileServiceImpl.kt:679)
	at org.jetbrains.kotlin.daemon.CompileServiceImplBase.access$execIncrementalCompiler(CompileServiceImpl.kt:93)
	at org.jetbrains.kotlin.daemon.CompileServiceImpl.compile(CompileServiceImpl.kt:1806)
	at java.base/jdk.internal.reflect.DirectMethodHandleAccessor.invoke(Unknown Source)
	at java.base/java.lang.reflect.Method.invoke(Unknown Source)
	at java.rmi/sun.rmi.server.UnicastServerRef.dispatch(Unknown Source)
	at java.rmi/sun.rmi.transport.Transport$1.run(Unknown Source)
	at java.rmi/sun.rmi.transport.Transport$1.run(Unknown Source)
	at java.base/java.security.AccessController.doPrivileged(Unknown Source)
	at java.rmi/sun.rmi.transport.Transport.serviceCall(Unknown Source)
	at java.rmi/sun.rmi.transport.tcp.TCPTransport.handleMessages(Unknown Source)
	at java.rmi/sun.rmi.transport.tcp.TCPTransport$ConnectionHandler.run0(Unknown Source)
	at java.rmi/sun.rmi.transport.tcp.TCPTransport$ConnectionHandler.lambda$run$0(Unknown Source)
	at java.base/java.security.AccessController.doPrivileged(Unknown Source)
	at java.rmi/sun.rmi.transport.tcp.TCPTransport$ConnectionHandler.run(Unknown Source)
	at java.base/java.util.concurrent.ThreadPoolExecutor.runWorker(Unknown Source)
	at java.base/java.util.concurrent.ThreadPoolExecutor$Worker.run(Unknown Source)
	at java.base/java.lang.Thread.run(Unknown Source)
Caused by: java.lang.RuntimeException: Exception while generating code for:
FUN INLINE_LAMBDA name:VideoPlayer$lambda$6$lambda$5$lambda$4 visibility:private modality:FINAL returnType:kotlin.Unit
  VALUE_PARAMETER kind:ExtensionReceiver name:$this$apply index:0 type:androidx.media3.ui.PlayerView
  VALUE_PARAMETER BOUND_VALUE_PARAMETER kind:Regular name:$exoPlayer index:1 type:androidx.media3.exoplayer.ExoPlayer
  VALUE_PARAMETER BOUND_VALUE_PARAMETER kind:Regular name:$showControls index:2 type:kotlin.Boolean
  BLOCK_BODY
    VAR name:$i$a$-apply-VideoPlayerKt$VideoPlayer$2$1$1 type:kotlin.Int [val]
      CONST Int type=kotlin.Int value=0
    CALL 'public open fun setPlayer (p0: @[EnhancedNullability] androidx.media3.common.Player?): kotlin.Unit declared in androidx.media3.ui.PlayerView' type=kotlin.Unit origin=EQ
      ARG <this>: GET_VAR '$this$apply: androidx.media3.ui.PlayerView declared in com.fpstudio.stretchreminder.ui.component.VideoPlayerKt.VideoPlayer$lambda$6$lambda$5$lambda$4' type=androidx.media3.ui.PlayerView origin=null
      ARG p0: GET_VAR '$exoPlayer: androidx.media3.exoplayer.ExoPlayer declared in com.fpstudio.stretchreminder.ui.component.VideoPlayerKt.VideoPlayer$lambda$6$lambda$5$lambda$4' type=androidx.media3.exoplayer.ExoPlayer origin=null
    CALL 'public open fun setUseController (p0: kotlin.Boolean): kotlin.Unit declared in androidx.media3.ui.PlayerView' type=kotlin.Unit origin=EQ
      ARG <this>: GET_VAR '$this$apply: androidx.media3.ui.PlayerView declared in com.fpstudio.stretchreminder.ui.component.VideoPlayerKt.VideoPlayer$lambda$6$lambda$5$lambda$4' type=androidx.media3.ui.PlayerView origin=null
      ARG p0: GET_VAR '$showControls: kotlin.Boolean declared in com.fpstudio.stretchreminder.ui.component.VideoPlayerKt.VideoPlayer$lambda$6$lambda$5$lambda$4' type=kotlin.Boolean origin=null
    SET_FIELD 'FIELD IR_EXTERNAL_JAVA_DECLARATION_STUB name:repeatMode type:kotlin.Int visibility:public [final,static] declared in android.R.attr' type=kotlin.Unit superQualifierSymbol=android.R.attr origin=EQ
      value: CONST Int type=kotlin.Int value=2
    CALL 'public open fun setResizeMode (p0: kotlin.Int): kotlin.Unit declared in androidx.media3.ui.PlayerView' type=kotlin.Unit origin=EQ
      ARG <this>: GET_VAR '$this$apply: androidx.media3.ui.PlayerView declared in com.fpstudio.stretchreminder.ui.component.VideoPlayerKt.VideoPlayer$lambda$6$lambda$5$lambda$4' type=androidx.media3.ui.PlayerView origin=null
      ARG p0: CONST Int type=kotlin.Int value=4
    CALL 'public open fun setLayoutParams (p0: @[FlexibleNullability] android.view.ViewGroup.LayoutParams?): kotlin.Unit [fake_override] declared in androidx.media3.ui.PlayerView' type=kotlin.Unit origin=EQ
      ARG <this>: GET_VAR '$this$apply: androidx.media3.ui.PlayerView declared in com.fpstudio.stretchreminder.ui.component.VideoPlayerKt.VideoPlayer$lambda$6$lambda$5$lambda$4' type=androidx.media3.ui.PlayerView origin=null
      ARG p0: CONSTRUCTOR_CALL 'public constructor <init> (p0: kotlin.Int, p1: kotlin.Int) declared in android.widget.FrameLayout.LayoutParams' type=android.widget.FrameLayout.LayoutParams origin=null
        ARG p0: CONST Int type=kotlin.Int value=-1
        ARG p1: CONST Int type=kotlin.Int value=-1

	at org.jetbrains.kotlin.backend.jvm.codegen.FunctionCodegen.generate(FunctionCodegen.kt:50)
	at org.jetbrains.kotlin.backend.jvm.codegen.IrSourceCompilerForInline.generateLambdaBody(IrSourceCompilerForInline.kt:72)
	at org.jetbrains.kotlin.codegen.inline.ExpressionLambda.generateLambdaBody(LambdaInfo.kt:72)
	at org.jetbrains.kotlin.backend.jvm.codegen.IrInlineCodegen.genValueAndPut(IrInlineCodegen.kt:122)
	at org.jetbrains.kotlin.backend.jvm.codegen.ExpressionCodegen.visitCall$handleParameter(ExpressionCodegen.kt:564)
	at org.jetbrains.kotlin.backend.jvm.codegen.ExpressionCodegen.visitCall(ExpressionCodegen.kt:577)
	at org.jetbrains.kotlin.backend.jvm.codegen.ExpressionCodegen.visitCall(ExpressionCodegen.kt:135)
	at org.jetbrains.kotlin.ir.expressions.IrCall.accept(IrCall.kt:24)
	at org.jetbrains.kotlin.backend.jvm.codegen.ExpressionCodegen.visitReturn(ExpressionCodegen.kt:999)
	at org.jetbrains.kotlin.backend.jvm.codegen.ExpressionCodegen.visitReturn(ExpressionCodegen.kt:135)
	at org.jetbrains.kotlin.ir.expressions.IrReturn.accept(IrReturn.kt:24)
	at org.jetbrains.kotlin.backend.jvm.codegen.ExpressionCodegen.visitStatementContainer(ExpressionCodegen.kt:527)
	at org.jetbrains.kotlin.backend.jvm.codegen.ExpressionCodegen.visitBlockBody(ExpressionCodegen.kt:532)
	at org.jetbrains.kotlin.backend.jvm.codegen.ExpressionCodegen.visitBlockBody(ExpressionCodegen.kt:135)
	at org.jetbrains.kotlin.ir.expressions.IrBlockBody.accept(IrBlockBody.kt:20)
	at org.jetbrains.kotlin.backend.jvm.codegen.ExpressionCodegen.generate(ExpressionCodegen.kt:233)
	at org.jetbrains.kotlin.backend.jvm.codegen.FunctionCodegen.doGenerate(FunctionCodegen.kt:126)
	at org.jetbrains.kotlin.backend.jvm.codegen.FunctionCodegen.generate(FunctionCodegen.kt:47)
	... 46 more
Caused by: java.lang.AssertionError: access of const val: SET_FIELD 'FIELD IR_EXTERNAL_JAVA_DECLARATION_STUB name:repeatMode type:kotlin.Int visibility:public [final,static] declared in android.R.attr' type=kotlin.Unit superQualifierSymbol=android.R.attr origin=EQ
  value: CONST Int type=kotlin.Int value=2

	at org.jetbrains.kotlin.backend.jvm.codegen.ExpressionCodegen.visitFieldAccess(ExpressionCodegen.kt:807)
	at org.jetbrains.kotlin.backend.jvm.codegen.ExpressionCodegen.visitFieldAccess(ExpressionCodegen.kt:135)
	at org.jetbrains.kotlin.ir.visitors.IrVisitor.visitSetField(IrVisitor.kt:215)
	at org.jetbrains.kotlin.backend.jvm.codegen.ExpressionCodegen.visitSetField(ExpressionCodegen.kt:858)
	at org.jetbrains.kotlin.backend.jvm.codegen.ExpressionCodegen.visitSetField(ExpressionCodegen.kt:135)
	at org.jetbrains.kotlin.ir.expressions.IrSetField.accept(IrSetField.kt:21)
	at org.jetbrains.kotlin.backend.jvm.codegen.ExpressionCodegen.visitStatementContainer(ExpressionCodegen.kt:527)
	at org.jetbrains.kotlin.backend.jvm.codegen.ExpressionCodegen.visitBlockBody(ExpressionCodegen.kt:532)
	at org.jetbrains.kotlin.backend.jvm.codegen.ExpressionCodegen.visitBlockBody(ExpressionCodegen.kt:135)
	at org.jetbrains.kotlin.ir.expressions.IrBlockBody.accept(IrBlockBody.kt:20)
	at org.jetbrains.kotlin.backend.jvm.codegen.ExpressionCodegen.generate(ExpressionCodegen.kt:233)
	at org.jetbrains.kotlin.backend.jvm.codegen.FunctionCodegen.doGenerate(FunctionCodegen.kt:126)
	at org.jetbrains.kotlin.backend.jvm.codegen.FunctionCodegen.generate(FunctionCodegen.kt:47)
	... 63 more


